applib/build/outputs/logs/manifest-merger-debug-report.txt
-- Merging decision tree log ---
manifest
ADDED from src\main\AndroidManifest.xml:2:1-127:12
INJECTED from src\main\AndroidManifest.xml:2:1-127:12
INJECTED from src\main\AndroidManifest.xml:2:1-127:12
INJECTED from src\main\AndroidManifest.xml:2:1-127:12
INJECTED from src\main\AndroidManifest.xml:2:1-127:12
INJECTED from src\main\AndroidManifest.xml:2:1-127:12
INJECTED from src\main\AndroidManifest.xml:2:1-127:12
	package
		ADDED from src\main\AndroidManifest.xml:3:5-29
		INJECTED from src\main\AndroidManifest.xml
		INJECTED from src\main\AndroidManifest.xml
	android:versionName
		INJECTED from src\main\AndroidManifest.xml
		ADDED from src\main\AndroidManifest.xml:2:1-127:12
		INJECTED from src\main\AndroidManifest.xml
	android:versionCode
		INJECTED from src\main\AndroidManifest.xml
		ADDED from src\main\AndroidManifest.xml:2:1-127:12
		INJECTED from src\main\AndroidManifest.xml
	xmlns:android
		ADDED from src\main\AndroidManifest.xml:2:11-69
uses-permission#android.permission.CALL_PHONE
ADDED from src\main\AndroidManifest.xml:5:5-69
	android:name
		ADDED from src\main\AndroidManifest.xml:5:22-66
uses-permission#android.permission.INTERNET
ADDED from src\main\AndroidManifest.xml:6:5-67
	android:name
		ADDED from src\main\AndroidManifest.xml:6:22-64
uses-permission#android.permission.READ_EXTERNAL_STORAGE
ADDED from src\main\AndroidManifest.xml:7:5-80
	android:name
		ADDED from src\main\AndroidManifest.xml:7:22-77
uses-permission#android.permission.ACCESS_NETWORK_STATE
ADDED from src\main\AndroidManifest.xml:8:5-79
	android:name
		ADDED from src\main\AndroidManifest.xml:8:22-76
uses-permission#android.permission.RECORD_AUDIO
ADDED from src\main\AndroidManifest.xml:9:5-71
	android:name
		ADDED from src\main\AndroidManifest.xml:9:22-68
uses-permission#android.permission.WAKE_LOCK
ADDED from src\main\AndroidManifest.xml:10:5-68
	android:name
		ADDED from src\main\AndroidManifest.xml:10:22-65
uses-permission#android.permission.ACCESS_FINE_LOCATION
ADDED from src\main\AndroidManifest.xml:11:5-79
	android:name
		ADDED from src\main\AndroidManifest.xml:11:22-76
uses-permission#android.permission.VIBRATE
ADDED from src\main\AndroidManifest.xml:12:5-66
	android:name
		ADDED from src\main\AndroidManifest.xml:12:22-63
uses-permission#android.permission.ACCESS_WIFI_STATE
ADDED from src\main\AndroidManifest.xml:18:5-76
	android:name
		ADDED from src\main\AndroidManifest.xml:18:22-73
uses-permission#android.permission.CHANGE_NETWORK_STATE
ADDED from src\main\AndroidManifest.xml:19:5-79
	android:name
		ADDED from src\main\AndroidManifest.xml:19:22-76
uses-permission#android.permission.READ_PHONE_STATE
ADDED from src\main\AndroidManifest.xml:20:5-75
	android:name
		ADDED from src\main\AndroidManifest.xml:20:22-72
uses-permission#android.permission.CAMERA
ADDED from src\main\AndroidManifest.xml:24:5-65
	android:name
		ADDED from src\main\AndroidManifest.xml:24:22-62
uses-permission#android.permission.WRITE_EXTERNAL_STORAGE
ADDED from src\main\AndroidManifest.xml:25:5-81
	android:name
		ADDED from src\main\AndroidManifest.xml:25:22-78
uses-permission#android.permission.MOUNT_UNMOUNT_FILESYSTEMS
ADDED from src\main\AndroidManifest.xml:26:5-84
	android:name
		ADDED from src\main\AndroidManifest.xml:26:22-81
uses-feature#android.hardware.camera
ADDED from src\main\AndroidManifest.xml:28:5-60
	android:name
		ADDED from src\main\AndroidManifest.xml:28:19-57
uses-feature#android.hardware.camera.autofocus
ADDED from src\main\AndroidManifest.xml:29:5-70
	android:name
		ADDED from src\main\AndroidManifest.xml:29:19-67
application
ADDED from src\main\AndroidManifest.xml:32:5-125:19
	android:name
		ADDED from src\main\AndroidManifest.xml:33:9-47
meta-data#com.sd.storage.common.glide.config.GlideConfiguration
ADDED from src\main\AndroidManifest.xml:35:9-37:43
	android:value
		ADDED from src\main\AndroidManifest.xml:37:13-40
	android:name
		ADDED from src\main\AndroidManifest.xml:36:13-81
activity#com.sd.storage.ui.MenuMainActivity
ADDED from src\main\AndroidManifest.xml:40:9-48:20
	android:screenOrientation
		ADDED from src\main\AndroidManifest.xml:43:13-49
	android:launchMode
		ADDED from src\main\AndroidManifest.xml:42:13-44
	android:windowSoftInputMode
		ADDED from src\main\AndroidManifest.xml:44:13-52
	android:theme
		ADDED from src\main\AndroidManifest.xml:45:13-47
	android:name
		ADDED from src\main\AndroidManifest.xml:41:13-48
activity#com.sd.storage.ui.main.meunmanage.addnewvege.AddNewVegeActivity
ADDED from src\main\AndroidManifest.xml:49:9-52:49
	android:screenOrientation
		ADDED from src\main\AndroidManifest.xml:51:13-49
	android:theme
		ADDED from src\main\AndroidManifest.xml:52:13-47
	android:name
		ADDED from src\main\AndroidManifest.xml:50:13-77
activity#com.sd.storage.ui.main.vagedetails.VageDetailsActivity
ADDED from src\main\AndroidManifest.xml:56:9-59:49
	android:screenOrientation
		ADDED from src\main\AndroidManifest.xml:58:13-49
	android:theme
		ADDED from src\main\AndroidManifest.xml:59:13-47
	android:name
		ADDED from src\main\AndroidManifest.xml:57:13-68
activity#com.sd.storage.ui.main.weekmeun.WeekMenuActivity
ADDED from src\main\AndroidManifest.xml:61:9-64:49
	android:screenOrientation
		ADDED from src\main\AndroidManifest.xml:63:13-49
	android:theme
		ADDED from src\main\AndroidManifest.xml:64:13-47
	android:name
		ADDED from src\main\AndroidManifest.xml:62:13-62
activity#com.sd.storage.ui.main.addcommend.AddCommentActivity
ADDED from src\main\AndroidManifest.xml:67:9-70:49
	android:screenOrientation
		ADDED from src\main\AndroidManifest.xml:69:13-49
	android:theme
		ADDED from src\main\AndroidManifest.xml:70:13-47
	android:name
		ADDED from src\main\AndroidManifest.xml:68:13-66
activity#com.sd.storage.ui.main.meunorder.MeunOrderActivity
ADDED from src\main\AndroidManifest.xml:72:9-75:49
	android:screenOrientation
		ADDED from src\main\AndroidManifest.xml:74:13-49
	android:theme
		ADDED from src\main\AndroidManifest.xml:75:13-47
	android:name
		ADDED from src\main\AndroidManifest.xml:73:13-64
activity#com.sd.storage.ui.main.search.SearchVageActivity
ADDED from src\main\AndroidManifest.xml:77:9-80:49
	android:screenOrientation
		ADDED from src\main\AndroidManifest.xml:79:13-49
	android:theme
		ADDED from src\main\AndroidManifest.xml:80:13-47
	android:name
		ADDED from src\main\AndroidManifest.xml:78:13-62
activity#com.sd.storage.ui.main.meunmanage.MeunManageActivity
ADDED from src\main\AndroidManifest.xml:82:9-85:49
	android:screenOrientation
		ADDED from src\main\AndroidManifest.xml:84:13-49
	android:theme
		ADDED from src\main\AndroidManifest.xml:85:13-47
	android:name
		ADDED from src\main\AndroidManifest.xml:83:13-66
activity#com.sd.storage.ui.main.meunmanage.managesearch.ManageSearchActivity
ADDED from src\main\AndroidManifest.xml:88:9-91:49
	android:screenOrientation
		ADDED from src\main\AndroidManifest.xml:90:13-49
	android:theme
		ADDED from src\main\AndroidManifest.xml:91:13-47
	android:name
		ADDED from src\main\AndroidManifest.xml:89:13-81
activity#com.sd.storage.ui.main.meunmanage.manageedit.MansageEditActivity
ADDED from src\main\AndroidManifest.xml:94:9-97:49
	android:screenOrientation
		ADDED from src\main\AndroidManifest.xml:96:13-49
	android:theme
		ADDED from src\main\AndroidManifest.xml:97:13-47
	android:name
		ADDED from src\main\AndroidManifest.xml:95:13-78
activity#com.sd.storage.ui.main.votemanage.VoteManageActivity
ADDED from src\main\AndroidManifest.xml:99:9-102:49
	android:screenOrientation
		ADDED from src\main\AndroidManifest.xml:101:13-49
	android:theme
		ADDED from src\main\AndroidManifest.xml:102:13-47
	android:name
		ADDED from src\main\AndroidManifest.xml:100:13-66
activity#com.sd.storage.ui.main.OrderActivity
ADDED from src\main\AndroidManifest.xml:105:9-108:49
	android:screenOrientation
		ADDED from src\main\AndroidManifest.xml:107:13-49
	android:theme
		ADDED from src\main\AndroidManifest.xml:108:13-47
	android:name
		ADDED from src\main\AndroidManifest.xml:106:13-50
activity#com.sd.storage.ui.main.meunmanage.addweekmeun.AddWeekMeunActivity
ADDED from src\main\AndroidManifest.xml:110:9-113:49
	android:screenOrientation
		ADDED from src\main\AndroidManifest.xml:112:13-49
	android:theme
		ADDED from src\main\AndroidManifest.xml:113:13-47
	android:name
		ADDED from src\main\AndroidManifest.xml:111:13-79
activity#com.sd.storage.ui.main.settime.SetTimeActivity
ADDED from src\main\AndroidManifest.xml:115:9-118:49
	android:screenOrientation
		ADDED from src\main\AndroidManifest.xml:117:13-49
	android:theme
		ADDED from src\main\AndroidManifest.xml:118:13-47
	android:name
		ADDED from src\main\AndroidManifest.xml:116:13-60
activity#com.sd.storage.ui.main.settime.SetMainActivity
ADDED from src\main\AndroidManifest.xml:120:9-123:49
	android:screenOrientation
		ADDED from src\main\AndroidManifest.xml:122:13-49
	android:theme
		ADDED from src\main\AndroidManifest.xml:123:13-47
	android:name
		ADDED from src\main\AndroidManifest.xml:121:13-60
uses-sdk
INJECTED from src\main\AndroidManifest.xml reason: use-sdk injection requested
INJECTED from src\main\AndroidManifest.xml
INJECTED from src\main\AndroidManifest.xml
INJECTED from src\main\AndroidManifest.xml
INJECTED from src\main\AndroidManifest.xml
	android:targetSdkVersion
		INJECTED from src\main\AndroidManifest.xml
		ADDED from src\main\AndroidManifest.xml
		INJECTED from src\main\AndroidManifest.xml
	android:minSdkVersion
		INJECTED from src\main\AndroidManifest.xml
		ADDED from src\main\AndroidManifest.xml
		INJECTED from src\main\AndroidManifest.xml